0
0
0
0
0
0
0
0
0
1
0
2
0
1
0
3
0
8
0
9
0
1
0
48
0
1
0
12
0
66
0
13
0
1
0
159
0
0
0
82
0
74
0
10
0
0
0
372
0
10
0
9
0
68
0
81
0
0
0
1496
0
1
0
28
0
59
0
9
0
78
0
1524
0
0
0
6
0
61
0
401
0
0
0
1442
0
0
0
71
0
1550
0
6
0
0
0
1473
0
7
0
158
0
55
0
66
0
0
0
1394
0
68
0
399
0
48
0
3
0
2
0
15796
0
3
0
9
0
1497
0
70
0
72
0
1343
0
1
0
70
0
57
0
1590
0
0
0
9155
0
0
0
3
0
1413
0
61
0
85
0
1329
0
0
0
1659
0
335
0
6
0
1
0
15377
0
75
0
8
0
47
0
409
0
0
0
41413
0
86
0
65
0
66
0
1
0
78
0
5133
0
0
0
163
0
1575
0
1596
0
0
0
1377
0
0
0
401
0
16004
0
0
0
0
0
15630
0
1
0
1551
0
47
0
1687
0
3
0
1309
0
76
0
68
0
1633
0
21
0
88
0
101962
0
15
0
17
0
51
0
74
0
77
0
42387
0
0
0
194
0
59
0
1571
0
0
0
15885
0
72
0
8
0
16316
0
412
0
3
0
1487
0
1
0
15762
0
61
0
9
0
87
0
44466
0
76
0
7
0
1624
0
63
0
0
0
42301
0
0
0
406
0
1661
0
1687
0
81
0
16459
0
0
0
3
0
0
0
5703
0
79
0
9717
0
4
0
75
0
16256
0
18
0
2
0
106286
0
8
0
1714
0
1626
0
70
0
1
0
1702
0
1581
0
1754
0
123
0
4
0
0
0
500014
0
0
0
1694
0
87
0
414
0
79
0
1657
0
75
0
60
0
16071
0
1722
0
1
0
17846
0
0
0
6
0
17098
0
1688
0
0
0
45725
0
0
0
10125
0
79
0
0
0
79
0
17532
0
77
0
0
0
1705
0
1672
0
75
0
520183
0
0
0
0
0
57
0
4
0
79
0
109851
0
72
0
30
0
94
0
16426
0
68
0
1783
0
2
0
5424
0
45512
0
27
0
0
0
17880
0
0
0
1786
0
16651
0
437
0
0
0
46733
0
74
0
120
0
42
0
1684
0
1
0
540637
0
3
0
211
0
1737
0
106
0
1624
0
1780
0
51
0
425
0
123
0
1835
0
0
0
506424
0
65
0
12
0
18138
0
475
0
0
0
1824
0
74
0
16717
0
1823
0
2
0
0
0
112876
0
2
0
1662
0
75
0
73
0
3
0
540596
0
3
0
1649
0
17360
0
20
0
1380
0
19080
0
1
0
12
0
1871
0
106478
0
0
0
1759
0
0
0
81
0
18345
0
1412
0
71
0
175499
0
6
0
1869
0
89
0
102
0
2
0
50991
0
84
0
442
0
16159
0
8
0
46
0
566115
0
75
0
1
0
33
0
1680
0
101
0
49019
0
0
0
16414
0
2
0
1946
0
0
0
115609
0
1
0
2
0
526591
0
53
0
0
0
61
0
42
0
18575
0
74
0
1717
0
47
0
122204
0
1428
0
37
0
224
0
478
0
65
0
549494
0
0
0
121
0
1994
0
22
0
99
0
561757
0
0
0
187
0
129
0
18859
0
43
0
50888
0
72
0
453
0
19680
0
19
0
2
0
21190
0
0
0
48363
0
17112
0
5781
0
0
0
2630
0
97
0
84
0
17939
0
12
0
0
0
3958555
0
11
0
7
0
1972
0
17671
0
99
0
2314
0
2
0
1856
0
2037
0
2110
0
13
0
21961
0
4
0
1621
0
20844
0
485
0
75
0
575187
0
2
0
20154
0
130
0
13
0
0
0
58241
0
18014
0
8
0
2145
0
78
0
0
0
598006
0
70
0
11176
0
74
0
19
0
84
0
609384
0
2
0
16
0
18916
0
52263
0
0
0
2485
0
80
0
86
0
132927
0
1986
0
100
0
131434
0
0
0
2274
0
118
0
24
0
103
0
57586
0
110
0
6242
0
109
0
1833
0
2
0
7646686
0
1
0
11
0
2078
0
41
0
1928
0
2122
0
94
0
161
0
19492
0
2270
0
2
0
625150
0
1
0
2081
0
22481
0
231
0
76
0
2710
0
0
0
132039
0
55864
0
1806
0
3
0
25071
0
110
0
25
0
133
0
20602
0
3
0
1805097
0
109
0
173
0
127
0
23
0
21123
0
139876
0
0
0
13
0
19489
0
22902
0
0
0
646325
0
0
0
2073
0
23797
0
11
0
0
0
671050
0
110
0
2434
0
40
0
592
0
67
0
2102
0
1993
0
21140
0
141
0
18
0
2
0
2586293
0
105
0
23
0
21590
0
2430
0
120
0
64587
0
0
0
634
0
228
0
60793
0
0
0
26507
0
78
0
1882
0
667268
0
2161
0
111
0
3018
0
1
0
24078
0
180
0
19
0
1
0
4592595
0
112
0
1995
0
2324
0
144
0
0
0
704225
0
93
0
1306
0
19836
0
0
0
72
0
27064
0
91
0
2333
0
127
0
143023
0
2
0
66157
0
2
0
91
0
680058
0
21
0
75
0
678894
0
11
0
165
0
2711
0
22358
0
105
0
3038
0
172
0
640
0
165
0
35
0
2141
0
8588074
0
0
0
27
0
137
0
7162
0
156
0
693939
0
1
0
132
0
2660
0
54812
0
54
0
155555
0
93
0
26
0
26617
0
143
0
0
0
68673
0
84
0
690714
0
20141
0
13
0
0
0
27697
0
160
0
11
0
144347
0
681
0
2
0
740881
0
3
0
21314
0
136
0
2387
0
1853
0
744832
0
2
0
224
0
161
0
25953
0
135
0
3103
0
7
0
717
0
720820
0
21
0
2
0
765924
0
52
0
2808
0
139
0
2295
0
1
0
678518
0
23757
0
123
0
142
0
1768
0
0
0
5043171
0
2
0
2530
0
2876
0
132
0
2472
0
3406
0
1
0
7439
0
24198
0
2942
0
66
0
755618
0
0
0
2
0
28426
0
150202
0
0
0
1914
0
1
0
27084
0
21849
0
10
0
137
0
709167
0
624
0
21
0
20315
0
87
0
69
0
25506041
0
2
0
609
0
148
0
24
0
153
0
1832
0
2212
0
1873
0
2995
0
69746
0
1
0
4343
0
0
0
24730
0
29610
0
2087
0
4
0
1088836
0
77
0
58321
0
25188
0
238
0
2
0
4393
0
130
0
2505
0
3068
0
2550
0
1
0
9239354
0
0
0
23
0
21113
0
755
0
25571
0
76158
0
55
0
180
0
168
0
3029
0
120
0
2839202
0
6
0
28
0
725128
0
2634
0
2
0
3988
0
164
0
167403
0
203
0
2224
0
4
0
803485
0
182
0
2690
0
185
0
2625
0
23
0
830608
0
3
0
196
0
759239
0
20
0
186
0
176786
0
87
0
20
0
161
0
750952
0
1
0
726756
0
126
0
25093
0
30771
0
15
0
147
0
34816
0
2
0
3292
0
2867
0
816
0
109
0
775936
0
25023
0
185
0
153
0
3
0
0
0
27397262
0
130
0
329
0
151
0
134
0
2414
0
76876
0
4
0
164266
0
10170
0
3413
0
112
0
34329
0
2
0
41
0
836686
0
8498
0
138
0
83217
0
1
0
31049
0
23002
0
314
0
2
0
186480
0
164
0
37
0
3650
0
26179
0
194
0
890062
0
5
0
2787
0
196
0
2343
0
174
0
9559539
0
1
0
28
0
25553
0
181192
0
4
0
4052
0
151
0
173
0
843589
0
24
0
148
0
198629
0
0
0
804743
0
57
0
148
0
0
0
86091
0
2630
0
825
0
29243
0
23
0
124
0
10206436
0
190
0
2513
0
26028
0
71037
0
140
0
3568
0
7
0
213
0
221
0
3418
0
213
0
5809083
0
156
0
28
0
2516
0
202
0
2
0
837397
0
119
0
259908
0
3828
0
21
0
78
0
37489
0
29419
0
2586
0
265
0
861
0
1
0
6045370
0
1
0
29035
0
245
0
2978
0
203
0
827722
0
120
0
14
0
855537
0
33374
0
0
0
4111
0
0
0
716
0
804144
0
3327
0
0
0
916741
0
4
0
3815
0
193
0
27773
0
2867
0
4026
0
193
0
28330
0
27622
0
40
0
7
0
74372919
0
25
0
46
0
231
0
232
0
3334
0
88651
0
3443
0
333
0
193
0
73021
0
142
0
37084
0
0
0
3346
0
897458
0
1194
0
1
0
821281
0
1
0
33817
0
31455
0
30
0
1
0
3200347
0
204
0
38
0
2949
0
30808
0
155
0
970720
0
198
0
1116
0
3833
0
2483
0
31341
0
40207
0
2
0
21
0
202
0
873204
0
2
0
2542822
0
4
0
28421
0
36507
0
36
0
5
0
213722
0
188
0
4034
0
180804
0
254
0
114
0
4426
0
225
0
83174
0
27268
0
40
0
130
0
30650796
0
13
0
2921
0
32667
0
1126
0
217
0
4271
0
2
0
242
0
4101
0
890624
0
0
0
882579
0
175
0
21
0
37800
0
223
0
195
0
855392
0
1
0
205747
0
159
0
12
0
166
0
10716126
0
2997
0
3
0
3350
0
9972
0
3
0
1025156
0
2977
0
204
0
114
0
26
0
30973
0
6346311
0
2
0
3646
0
210
0
36464
0
1
0
2964
0
96
0
3362
0
10811122
0
2980
0
3
0
37631
0
166
0
78148
0
223
0
201357
0
5
0
6580
0
257
0
226
0
28705
0
38
0
198
0
11706995
0
26
0
2855
0
4859
0
219
0
234
0
949813
0
0
0
21274
0
26465
0
4172
0
1
0
1024571
0
196
0
24
0
887701
0
3926
0
0
0
5680
0
205
0
939355
0
5140
0
28
0
1
0
229495
0
200
0
2810
0
35025
0
30069
0
79
0
31784965
0
6
0
10642
0
248
0
3849
0
229
0
44262
0
4
0
38
0
32219
0
216446
365520548
