0
0
0
0
0
1
0
0
0
1
0
2
1
1
0
3
0
8
0
9
0
1
1
49
0
1
1
12
0
67
0
13
1
1
2
162
0
1
1
85
0
80
0
13
5
1
0
390
0
11
1
10
0
76
2
91
1
0
0
1547
0
1
7
31
0
64
0
12
0
86
0
1572
0
1
4
10
1
67
0
421
1
0
0
1483
0
0
1
78
0
1589
0
8
1
0
1
1519
0
8
5
170
0
61
0
71
13
0
0
1439
0
75
2
415
0
54
0
4
3
2
1
15942
0
3
0
10
0
1529
1
76
1
76
0
1379
0
2
13
76
0
60
1
1620
1
2
0
9247
0
0
3
7
1
1453
0
71
5
92
2
1366
0
0
1
1704
2
352
0
7
14
1
0
15528
0
82
4
10
0
55
5
431
0
1
0
41699
0
94
1
75
1
73
1
3
14
85
1
5226
0
1
14
175
0
1622
0
1651
2
1
1
1431
2
0
5
423
1
16179
0
0
1
0
0
15826
0
1
0
1597
1
56
0
1738
31
3
0
1360
0
81
18
73
0
1683
1
21
0
95
0
102455
0
16
6
19
4
59
0
83
1
84
0
42678
3
3
18
211
0
69
1
1611
7
0
1
16055
1
78
2
11
0
16491
0
435
16
3
5
1540
0
3
6
15935
0
66
0
13
16
96
2
44833
0
86
1
8
0
1677
1
75
22
2
2
42645
1
1
1
439
1
1727
0
1748
3
93
0
16665
0
0
117
5
0
5
2
5833
1
88
1
9891
5
4
0
86
0
16476
0
19
5
2
0
106890
0
10
1
1785
0
1683
0
80
17
1
0
1748
0
1636
21
1810
0
132
1
9
18
2
0
501429
0
2
5
1738
1
100
1
452
4
89
0
1734
0
82
20
71
1
16293
0
1785
2
4
0
18129
17
1
4
8
0
17312
1
1748
1
0
0
46146
0
0
16
10314
0
95
1
4
65
95
3
17796
1
85
2
4
0
1778
1
1738
1
83
1
521757
0
1
6
1
6
71
1
5
19
84
0
110617
0
83
28
31
1
101
0
16657
37
79
0
1854
2
2
2
5566
0
45935
0
27
1
1
19
18144
0
0
20
1852
0
16901
0
468
29
1
0
47152
1
86
2
133
1
58
4
1745
2
1
0
542350
0
4
16
232
1
1818
0
125
0
1682
0
1848
2
59
124
458
0
131
0
1899
0
0
0
508054
2
76
5
19
0
18370
1
507
20
0
1
1894
0
83
1
16960
0
1899
0
6
128
2
1
113557
0
6
5
1715
1
92
3
84
2
3
6
542289
0
3
2
1708
1
17588
0
25
8
1431
0
19301
0
1
18
14
0
1932
0
107125
13
0
0
1837
0
0
55
92
0
18576
0
1464
2
80
7
176404
0
8
3
1950
1
104
0
121
133
2
0
51436
0
98
1
476
0
16386
17
13
2
53
0
567763
0
83
9
3
5
44
0
1759
25
116
0
49452
0
1
20
16632
0
19
0
2009
15
0
1
116321
4
1
12
5
1
528103
0
65
2
1
1
79
3
51
8
18841
0
88
0
1775
24
52
0
122982
1
1482
21
39
0
228
0
502
9
74
0
551028
0
0
15
127
21
2057
0
24
1
109
0
563235
0
1
137
207
0
136
1
19092
1
46
0
51274
2
76
0
486
0
19897
0
22
113
3
1
21481
1
1
3
48754
1
17342
2
5895
23
0
1
2740
0
110
7
99
0
18140
16
18
1
1
0
3962817
0
13
0
11
11
2034
0
17874
17
110
0
2399
0
4
125
1908
0
2097
0
2185
15
15
0
22215
2
4
7
1665
1
21092
1
523
2
83
1
576696
0
3
17
20411
0
148
3
19
104
1
0
58695
0
18209
0
14
0
2218
5
91
22
0
0
599398
2
76
21
11348
1
92
0
23
3
94
0
610913
0
2
6
20
0
19106
1
52655
10
1
5
2594
23
87
2
102
0
133648
0
2054
0
111
3
132082
1
2
119
2341
0
131
0
32
90
109
0
57969
0
120
1
6357
5
124
1
1877
23
4
0
7652086
0
2
0
13
8
2151
7
43
0
1981
1
2192
0
101
116
167
0
19688
0
2324
15
3
0
626654
2
1
5
2142
0
22762
0
237
3
82
19
2770
1
1
2
132645
0
56243
0
1852
24
3
0
25360
3
122
56
25
0
151
1
20829
14
3
0
1807587
0
112
20
185
1
141
0
27
6
21335
0
140523
0
0
18
18
1
19686
1
23123
2
1
0
647683
4
1
4
2133
1
24024
8
17
2
0
19
672518
0
118
3
2501
0
59
1
618
416
72
0
2200
1
2035
1
21351
0
154
2
23
12
2
0
2589294
0
113
7
28
2
21788
0
2498
13
130
0
65018
1
1
100
661
0
236
2
61166
4
2
0
26752
2
84
18
1932
0
668623
1
2220
1
122
1
3102
0
1
18
24302
23
189
3
23
23
1
0
4596274
0
126
2
2037
0
2379
20
161
8
0
0
705564
0
105
20
1353
2
20019
2
1
18
82
0
27314
1
99
123
2393
0
139
0
143634
1
2
3
66562
17
4
3
101
0
681311
0
25
54
84
1
680258
0
13
1
176
0
2791
0
22551
24
115
0
3122
0
184
109
667
0
181
4
37
1
2194
1
8593161
1
0
4
28
20
148
0
7262
30
162
0
695164
0
1
23
145
0
2725
1
55102
2
57
0
156167
21
100
18
30
0
26834
3
155
5
0
0
69104
0
91
1
691979
0
20297
0
15
129
0
4
27941
0
174
16
13
2
144916
1
714
2
2
1
742114
1
3
9
21496
2
154
0
2448
2
1900
0
746292
0
3
367
240
0
178
2
26155
16
146
0
3191
2
7
1
753
4
722153
0
26
14
3
4
767310
0
61
6
2880
0
153
13
2367
24
1
0
679774
2
23973
0
143
0
155
2
1812
106
1
2
5046726
0
3
2
2598
2
2936
2
145
14
2535
1
3488
0
2
115
7571
0
24400
0
3032
15
75
0
757013
24
0
1
5
0
28666
0
150801
5
0
16
1974
0
1
20
27304
1
22031
0
12
25
147
0
710424
0
651
7
24
1
20470
1
94
2
77
0
25514264
0
2
3
642
20
166
1
30
9
160
1
1865
2
2266
101
1917
0
3070
0
70139
19
1
0
4401
1
0
101
24909
0
29804
0
2129
1
4
13
1090457
0
87
2
58608
0
25383
0
245
123
3
0
4437
21
141
18
2557
0
3128
4
2610
2
2
0
9243708
0
0
94
24
3
21276
0
788
1
25775
1
76545
1
58
25
190
2
176
0
3106
8
130
0
2841778
0
6
0
31
0
726296
4
2691
11
2
2
4051
1
176
4
167993
0
213
0
2272
338
4
0
804786
0
198
3
2745
0
198
16
2685
41
26
1
831896
0
5
1
213
2
760490
1
28
2
200
2
177372
4
93
107
28
2
181
0
752071
0
3
0
727921
2
137
16
25291
0
30984
1
17
9
161
0
35070
1
2
12
3348
3
2948
0
861
87
117
0
777201
1
25217
3
202
0
163
13
4
0
0
1
27405800
0
139
11
352
6
163
0
143
101
2459
0
77243
0
4
18
164812
0
10300
0
3484
0
119
20
34570
2
2
4
42
0
837895
0
8617
1
148
5
83597
1
1
12
31241
0
23196
0
326
293
4
0
187095
0
176
20
42
0
3734
17
26380
0
210
0
891373
2
8
5
2838
14
211
0
2394
0
192
0
9564024
1
1
23
29
0
25781
4
181849
25
4
0
4136
4
161
2
184
0
844845
0
27
17
153
0
199300
0
0
35
805978
1
63
1
165
18
2
14
86481
0
2685
13
855
1
29452
2
26
5
130
0
10210946
1
203
1
2555
1
26216
0
71329
1
144
0
3652
6
7
532
227
0
236
0
3494
13
219
0
5812798
1
165
3
32
0
2561
0
225
15
2
17
838614
0
131
11
260616
0
3913
0
28
14
105
0
37740
0
29615
6
2636
0
276
22
913
81
3
0
6048898
0
1
0
29243
17
253
0
3048
5
214
1
829040
0
132
15
17
0
856814
1
33609
2
0
0
4191
7
0
18
749
1
805363
9
3394
8
1
4
918116
1
6
18
3894
2
207
0
27973
83
2919
1
4096
0
206
1
28553
2
27821
6
42
13
7
1
74385739
0
26
79
51
1
238
1
245
0
3407
2
88993
0
3513
11
340
0
202
0
73352
94
151
2
37337
14
0
0
3392
0
898559
0
1224
3
3
12
822445
1
1
6
34035
1
31648
0
38
72
1
0
3203016
15
220
3
44
0
3004
3
31012
9
162
1
972034
0
208
19
1145
0
3906
0
2536
1
31547
0
40463
0
3
294
27
2
216
0
874509
1
2
1
2544935
2
4
16
28628
1
36756
12
40
7
8
2
214381
0
201
1
4109
1
181350
0
260
317
121
0
4514
0
235
5
83532
1
27463
0
42
1
138
1
30658760
0
13
0
2982
4
32893
0
1156
15
231
0
4382
2
2
78
263
0
4174
1
891890
1
1
0
883744
7
182
77
29
0
38020
0
239
11
207
1
856621
0
4
2
206305
1
174
1
14
85
170
0
10720654
0
3047
0
7
1
3417
1
10116
0
5
6
1026505
0
3040
40
216
1
129
0
26
19
31187
0
6349818
0
2
51
3717
0
227
0
36644
78
2
2
3031
13
100
26
3434
0
10815620
0
3031
3
3
0
37908
1
183
8
78453
0
230
2
201925
17
5
0
6638
1
270
77
238
0
28920
1
41
16
208
1
11711989
0
28
0
2913
62
4924
2
236
0
252
0
951056
0
0
81
21414
0
26640
2
4230
3
3
0
1025937
2
207
14
26
1
888902
0
3969
93
0
14
5739
0
217
2
940419
0
5210
1
30
14
1
0
230059
4
212
15
2864
0
35215
2
30258
1
80
0
31792182
0
7
1
10748
2
262
0
3899
87
237
0
44508
0
5
288
40
0
32420
0
216978
365793828
